<?xml version="1.0" encoding="UTF-8"?>
<!-- Generated by org.testng.reporters.JUnitXMLReporter -->
<testsuite hostname="DESKTOP-BLK1O3O" ignored="0" name="Test" tests="5" failures="0" timestamp="2024-01-09T22:48:10 IST" time="135.222" errors="0">
  <testcase name="DWS_Wishlist_06" time="8.223" classname="TestScripts.DWS_Wishlist_006_Test"/>
  <testcase name="DWS_Orders_005" time="17.18" classname="TestScripts.DWS_Orders_005_Test"/>
  <testcase name="DWS_Logout_007" time="1.931" classname="TestScripts.DWS_Logout_007_Test"/>
  <testcase name="DWS_signup_001" time="0.206" classname="TestScripts.DWS_signup_001_Test"/>
  <testcase name="DWS_Wishlist_004" time="9.239" classname="TestScripts.DWS_Wishlist_004_Test"/>
</testsuite> <!-- Test -->
