<?xml version="1.0" encoding="UTF-8"?>
<!-- Generated by org.testng.reporters.JUnitXMLReporter -->
<testsuite hostname="DESKTOP-BLK1O3O" ignored="0" name="Test" tests="7" failures="0" timestamp="2023-12-26T00:28:39 IST" time="200.037" errors="0">
  <testcase name="testcase_03" time="13.942" classname="TestScripts.test_4"/>
  <testcase name="test" time="13.779" classname="TestScripts.test_3"/>
  <testcase name="testcase_03" time="7.049" classname="TestScripts.test_6"/>
  <testcase name="testcase05" time="12.909" classname="TestScripts.test_5"/>
  <testcase name="testcase01" time="6.356" classname="TestScripts.test_7"/>
  <testcase name="test" time="7.226" classname="TestScripts.test_2"/>
  <testcase name="testcase01" time="3.053" classname="TestScripts.test_1"/>
</testsuite> <!-- Test -->
