<?xml version="1.0" encoding="UTF-8"?>
<testng-results skipped="0" failed="0" ignored="0" total="1" passed="1">
  <reporter-output>
    <line>
      <![CDATA[Browser launched succesfully]]>
    </line>
    <line>
      <![CDATA[test URL is entered succesfully]]>
    </line>
    <line>
      <![CDATA[clicked on login link]]>
    </line>
    <line>
      <![CDATA[Emailid is entered]]>
    </line>
    <line>
      <![CDATA[Password is entered]]>
    </line>
    <line>
      <![CDATA[clicked on login button]]>
    </line>
    <line>
      <![CDATA[Browser launched succesfully]]>
    </line>
    <line>
      <![CDATA[test URL is entered succesfully]]>
    </line>
    <line>
      <![CDATA[clicked on login link]]>
    </line>
    <line>
      <![CDATA[Emailid is entered]]>
    </line>
    <line>
      <![CDATA[Password is entered]]>
    </line>
    <line>
      <![CDATA[clicked on login button]]>
    </line>
  </reporter-output>
  <suite name="Default suite" duration-ms="26025" started-at="2023-12-28T15:39:46 IST" finished-at="2023-12-28T15:40:12 IST">
    <groups>
    </groups>
    <test name="Default test" duration-ms="26025" started-at="2023-12-28T15:39:46 IST" finished-at="2023-12-28T15:40:12 IST">
      <class name="genric_Lib.Baseclass">
        <test-method status="PASS" signature="launch()[pri:0, instance:genric_Lib.Baseclass@1e7c7811]" name="launch" is-config="true" duration-ms="16117" started-at="2023-12-28T15:39:46 IST" finished-at="2023-12-28T15:40:02 IST">
          <reporter-output>
            <line>
              <![CDATA[Browser launched succesfully]]>
            </line>
            <line>
              <![CDATA[test URL is entered succesfully]]>
            </line>
            <line>
              <![CDATA[clicked on login link]]>
            </line>
            <line>
              <![CDATA[Emailid is entered]]>
            </line>
            <line>
              <![CDATA[Password is entered]]>
            </line>
            <line>
              <![CDATA[clicked on login button]]>
            </line>
          </reporter-output>
        </test-method> <!-- launch -->
        <test-method status="PASS" signature="launch()[pri:0, instance:genric_Lib.Baseclass@1e7c7811]" name="launch" duration-ms="8617" started-at="2023-12-28T15:40:02 IST" finished-at="2023-12-28T15:40:10 IST">
          <reporter-output>
            <line>
              <![CDATA[Browser launched succesfully]]>
            </line>
            <line>
              <![CDATA[test URL is entered succesfully]]>
            </line>
            <line>
              <![CDATA[clicked on login link]]>
            </line>
            <line>
              <![CDATA[Emailid is entered]]>
            </line>
            <line>
              <![CDATA[Password is entered]]>
            </line>
            <line>
              <![CDATA[clicked on login button]]>
            </line>
          </reporter-output>
        </test-method> <!-- launch -->
        <test-method status="PASS" signature="logout()[pri:0, instance:genric_Lib.Baseclass@1e7c7811]" name="logout" is-config="true" duration-ms="1170" started-at="2023-12-28T15:40:11 IST" finished-at="2023-12-28T15:40:12 IST">
          <reporter-output>
          </reporter-output>
        </test-method> <!-- logout -->
      </class> <!-- genric_Lib.Baseclass -->
    </test> <!-- Default test -->
  </suite> <!-- Default suite -->
</testng-results>
